=== Started 2024-11-27T02-34-39-679 ===
[INFO ][02:34:39] [1m[32mMultiOgar 1.2.69.6[37m - An open source multi-protocol ogar server[0m
[ERROR][02:34:39] Unknown gameserver.ini value: ultraRestartMassLimit
[ERROR][02:34:39] Unknown gameserver.ini value: ultraRestartCounterDuration
[WARN ][02:34:39] ./ipbanlist.txt is missing.
[WARN ][02:34:39] User account "Local Moderator" disabled
[WARN ][02:34:39] User account "Local User" disabled
[INFO ][02:34:39] 1 user records loaded.
[INFO ][02:34:39] 3002 bad words loaded
[WARN ][02:34:39] TLS: not supported (SSL certificate not found!)
[INFO ][02:34:39] WebSocket: ws
[INFO ][02:34:39] Started stats server on port 8888
[INFO ][02:34:39] Listening on port 1111
[INFO ][02:34:39] Current game mode is FFA
[DEBUG][02:36:05] [CHAT][127.0.0.1:62902][Blober] dasd
[NONE ][02:36:10] >log
[WARN ][02:36:10] Invalid Command!
[NONE ][02:36:15] >addmass
[WARN ][02:36:15] Invalid Command!
[NONE ][02:36:18] >help
[NONE ][02:36:18] ======================== HELP ======================
[NONE ][02:36:18] addbot [number]              : add bot to the server
[NONE ][02:36:18] kickbot [number]             : kick a number of bots
[NONE ][02:36:18] ban [PlayerID | IP]          : bans a(n) (player's) IP
[NONE ][02:36:18] banlist                      : get list of banned IPs.
[NONE ][02:36:18] board [string] [string] ...  : set scoreboard text
[NONE ][02:36:18] boardreset                   : reset scoreboard text
[NONE ][02:36:18] change [setting] [value]     : change specified settings
[NONE ][02:36:18] clear                        : clear console output
[NONE ][02:36:18] color [PlayerID] [R] [G] [B] : set cell(s) color by client ID
[NONE ][02:36:18] exit                         : stop the server
[NONE ][02:36:18] food [X] [Y] [mass]          : spawn food at specified Location
[NONE ][02:36:18] gamemode [id]                : change server gamemode
[NONE ][02:36:18] kick [PlayerID]              : kick player or bot by client ID
[NONE ][02:36:18] kickall                      : kick all players and bots
[NONE ][02:36:18] mute [PlayerID]              : mute player (block chat messages from him)
[NONE ][02:36:18] unmute [PlayerID]            : unmute player (allow chat messages from him)
[NONE ][02:36:18] kill [PlayerID]              : kill cell(s) by client ID
[NONE ][02:36:18] killall                      : kill everyone
[NONE ][02:36:18] name [PlayerID] [name]       : change cell(s) name by client ID
[NONE ][02:36:18] playerlist                   : get list of players and bots
[NONE ][02:36:18] pause                        : pause game , freeze all cells
[NONE ][02:36:18] reload                       : reload config
[NONE ][02:36:18] status                       : get server status
[NONE ][02:36:18] tp [PlayerID] [X] [Y]        : teleport player to specified location
[NONE ][02:36:18] unban [IP]                   : unban an IP
[NONE ][02:36:18] virus [X] [Y] [mass]         : spawn virus at a specified Location
[NONE ][02:36:18] pl                           : alias for playerlist
[NONE ][02:36:18] st                           : alias for status
[NONE ][02:36:18] ====================================================
[NONE ][02:36:43] >playerlist
[NONE ][02:36:43] Showing 1 players: 
[NONE ][02:36:43]  ID     | IP              | P | NICK            | CELLS | SCORE  | POSITION    
[NONE ][02:36:43] -------------------------------------------------------------------------------
[NONE ][02:36:43]       1 | 127.0.0.1       | 4 | Blober          |     2 |    153 | -6933,  1596
[NONE ][02:37:47] >add bot 100
[WARN ][02:37:47] Invalid Command!
[NONE ][02:37:51] >addbot 100
[NONE ][02:37:51] Added 100 player bots
[NONE ][02:37:57] >	
[WARN ][02:37:57] Invalid Command!
[NONE ][02:38:01] >addbot 1000
[NONE ][02:38:01] Added 1000 player bots
[NONE ][02:38:23] >addbot 10000
[NONE ][02:38:23] Added 10000 player bots
[NONE ][02:38:48] >resttart
[WARN ][02:38:48] Invalid Command!
[NONE ][02:38:57] >			re
[WARN ][02:38:57] Invalid Command!
[NONE ][02:39:01] >reset
[WARN ][02:39:01] Invalid Command!
